<?xml version="1.0" encoding="UTF-8"?>
<!-- Generated by org.testng.reporters.JUnitXMLReporter -->
<testsuite ignored="0" hostname="LAPTOP-24TL52N6" failures="1" tests="1" name="firefoxTest" time="0.118" errors="0" timestamp="2023-08-31T16:11:27 IST">
  <testcase classname="LearnTestNG.LearnParameters" name="HRMSParameters" time="0.088">
    <failure type="java.lang.NoSuchMethodError" message="&amp;apos;java.lang.String org.openqa.selenium.manager.SeleniumManager.getDriverPath(org.openqa.selenium.Capabilities)&amp;apos;">
      <![CDATA[java.lang.NoSuchMethodError: 'java.lang.String org.openqa.selenium.manager.SeleniumManager.getDriverPath(org.openqa.selenium.Capabilities)'
at org.openqa.selenium.remote.service.DriverFinder.getPath(DriverFinder.java:27)
at org.openqa.selenium.firefox.FirefoxDriver.generateExecutor(FirefoxDriver.java:139)
at org.openqa.selenium.firefox.FirefoxDriver.<init>(FirefoxDriver.java:130)
at org.openqa.selenium.firefox.FirefoxDriver.<init>(FirefoxDriver.java:125)
at org.openqa.selenium.firefox.FirefoxDriver.<init>(FirefoxDriver.java:110)
at org.openqa.selenium.firefox.FirefoxDriver.<init>(FirefoxDriver.java:100)
at LearnTestNG.LearnParameters.HRMSParameters(LearnParameters.java:22)
at java.base/java.util.ArrayList.forEach(ArrayList.java:1511)
at java.base/java.util.concurrent.FutureTask.run(FutureTask.java:317)
at java.base/java.util.concurrent.ThreadPoolExecutor.runWorker(ThreadPoolExecutor.java:1144)
at java.base/java.util.concurrent.ThreadPoolExecutor$Worker.run(ThreadPoolExecutor.java:642)
at java.base/java.lang.Thread.run(Thread.java:1623)
... Removed 16 stack frames]]>
    </failure>
  </testcase> <!-- HRMSParameters -->
</testsuite> <!-- firefoxTest -->
