<?xml version="1.0" encoding="UTF-8"?>
<!-- Generated by org.testng.reporters.JUnitXMLReporter -->
<testsuite ignored="0" hostname="LAPTOP-24TL52N6" failures="1" tests="1" name="Test" time="3.236" errors="0" timestamp="2023-09-29T17:32:28 IST">
  <testcase classname="LearnTestNG.Screenshot_Example" name="testScreenShot" time="1.327">
    <failure type="java.lang.AssertionError" message="expected [true] but found [false]">
      <![CDATA[java.lang.AssertionError: expected [true] but found [false]
at LearnTestNG.Screenshot_Example.testScreenShot(Screenshot_Example.java:63)
at java.base/java.util.ArrayList.forEach(ArrayList.java:1511)
... Removed 29 stack frames]]>
    </failure>
  </testcase> <!-- testScreenShot -->
</testsuite> <!-- Test -->
